[Tue Oct 19 16:27:26 2021] MyLog Exception: Bad Route Exception
[Tue Oct 19 20:34:27 2021] MyLog Exception: Bad Route Exception
[Tue Oct 19 20:37:17 2021] MyLog Exception: Bad Route Exception
[Tue Oct 19 21:00:33 2021] MyLog Exception: not found alias
[Tue Oct 19 21:00:41 2021] MyLog Exception: not found alias
[Tue Oct 19 21:00:47 2021] MyLog Exception: not found alias
[Tue Oct 19 21:01:03 2021] MyLog Exception: not found alias
[Tue Oct 19 21:24:24 2021] MyLog Exception: Bad Route Exception
[Tue Oct 19 21:25:15 2021] MyLog Exception: Bad Route Exception
[Tue Oct 19 21:27:10 2021] MyLog Exception: Bad Route Exception
[Tue Oct 19 21:41:37 2021] MyLog Exception: Bad Route Exception
[Tue Oct 19 21:50:25 2021] MyLog Exception: SQLSTATE[42000]: Syntax error or access violation: 1064 You have an error in your SQL syntax; check the manual that corresponds to your MySQL server version for the right syntax to use near '. lenovo . '%'' at line 5
[Tue Oct 19 21:50:49 2021] MyLog Exception: SQLSTATE[42000]: Syntax error or access violation: 1064 You have an error in your SQL syntax; check the manual that corresponds to your MySQL server version for the right syntax to use near '%lenovo%' at line 5
[Tue Oct 19 21:51:01 2021] MyLog Exception: SQLSTATE[42000]: Syntax error or access violation: 1064 You have an error in your SQL syntax; check the manual that corresponds to your MySQL server version for the right syntax to use near 'lenovo'%'' at line 5
[Wed Oct 20 12:30:32 2021] MyLog Exception: SQLSTATE[42S22]: Column not found: 1054 Unknown column 'user' in 'where clause'
[Wed Oct 20 12:31:35 2021] MyLog Exception: SQLSTATE[42S22]: Column not found: 1054 Unknown column 'user' in 'where clause'
[Wed Oct 20 12:31:38 2021] MyLog Exception: SQLSTATE[42S22]: Column not found: 1054 Unknown column 'user' in 'where clause'
[Wed Oct 20 12:31:45 2021] MyLog Exception: SQLSTATE[42S22]: Column not found: 1054 Unknown column 'asus' in 'where clause'
[Wed Oct 20 12:32:28 2021] MyLog Exception: SQLSTATE[42S22]: Column not found: 1054 Unknown column 'user' in 'order clause'
[Wed Oct 20 12:32:39 2021] MyLog Exception: SQLSTATE[42S22]: Column not found: 1054 Unknown column 'product' in 'where clause'
[Wed Oct 20 12:32:46 2021] MyLog Exception: SQLSTATE[42S22]: Column not found: 1054 Unknown column 'product' in 'where clause'
[Wed Oct 20 12:33:26 2021] MyLog Exception: SQLSTATE[42S22]: Column not found: 1054 Unknown column 'user' in 'order clause'
[Wed Oct 20 12:37:05 2021] MyLog Exception: SQLSTATE[42S22]: Column not found: 1054 Unknown column 'product' in 'where clause'
[Wed Oct 20 12:37:45 2021] MyLog Exception: SQLSTATE[42S22]: Column not found: 1054 Unknown column 'product' in 'where clause'
[Wed Oct 20 12:39:42 2021] MyLog Exception: SQLSTATE[42S22]: Column not found: 1054 Unknown column 'user' in 'where clause'
[Wed Oct 20 12:43:17 2021] MyLog Exception: SQLSTATE[42S22]: Column not found: 1054 Unknown column 'user' in 'where clause'
[Wed Oct 20 12:44:22 2021] MyLog Exception: SQLSTATE[42S22]: Column not found: 1054 Unknown column 'user' in 'where clause'
[Wed Oct 20 12:44:27 2021] MyLog Exception: SQLSTATE[42S22]: Column not found: 1054 Unknown column 'product' in 'where clause'
[Wed Oct 20 12:44:32 2021] MyLog Exception: SQLSTATE[42S22]: Column not found: 1054 Unknown column 'product' in 'where clause'
[Wed Oct 20 12:47:03 2021] MyLog Exception: SQLSTATE[42S22]: Column not found: 1054 Unknown column 'user' in 'order clause'
[Wed Oct 20 12:47:33 2021] MyLog Exception: SQLSTATE[42S22]: Column not found: 1054 Unknown column 'product' in 'order clause'
[Wed Oct 20 12:48:16 2021] MyLog Exception: SQLSTATE[42S22]: Column not found: 1054 Unknown column 'product' in 'order clause'
[Wed Oct 20 12:54:07 2021] MyLog Exception: SQLSTATE[42S22]: Column not found: 1054 Unknown column 'user' in 'where clause'
[Wed Oct 20 12:56:53 2021] MyLog Exception: SQLSTATE[42S22]: Column not found: 1054 Unknown column 'product' in 'order clause'
[Wed Oct 20 13:00:23 2021] MyLog Exception: SQLSTATE[42S22]: Column not found: 1054 Unknown column 'product.titleASC' in 'order clause'
[Wed Oct 20 15:02:45 2021] MyLog Exception: SQLSTATE[42000]: Syntax error or access violation: 1064 You have an error in your SQL syntax; check the manual that corresponds to your MySQL server version for the right syntax to use near '' at line 9
[Wed Oct 20 15:04:12 2021] MyLog Exception: SQLSTATE[42000]: Syntax error or access violation: 1064 You have an error in your SQL syntax; check the manual that corresponds to your MySQL server version for the right syntax to use near '' at line 9
[Wed Oct 20 15:04:42 2021] MyLog Exception: SQLSTATE[42000]: Syntax error or access violation: 1064 You have an error in your SQL syntax; check the manual that corresponds to your MySQL server version for the right syntax to use near '' at line 9
[Wed Oct 20 17:12:06 2021] MyLog Exception: Not found controller
[Wed Oct 20 18:02:34 2021] MyLog Exception: Bad Route Exception
[Thu Oct 21 19:09:41 2021] MyLog Exception: SQLSTATE[42000]: Syntax error or access violation: 1064 You have an error in your SQL syntax; check the manual that corresponds to your MySQL server version for the right syntax to use near ''0, 4'' at line 9
[Thu Oct 21 19:11:03 2021] MyLog Exception: SQLSTATE[42000]: Syntax error or access violation: 1064 You have an error in your SQL syntax; check the manual that corresponds to your MySQL server version for the right syntax to use near ''0, 4'' at line 9
[Thu Oct 21 19:11:55 2021] MyLog Exception: SQLSTATE[42000]: Syntax error or access violation: 1064 You have an error in your SQL syntax; check the manual that corresponds to your MySQL server version for the right syntax to use near '' 0, 4'' at line 9
[Thu Oct 21 19:12:23 2021] MyLog Exception: SQLSTATE[42000]: Syntax error or access violation: 1064 You have an error in your SQL syntax; check the manual that corresponds to your MySQL server version for the right syntax to use near '' 0, 4'' at line 9
[Thu Oct 21 19:13:09 2021] MyLog Exception: SQLSTATE[42000]: Syntax error or access violation: 1064 You have an error in your SQL syntax; check the manual that corresponds to your MySQL server version for the right syntax to use near '' 0, 4'' at line 9
[Thu Oct 21 19:21:08 2021] MyLog Exception: SQLSTATE[42000]: Syntax error or access violation: 1064 You have an error in your SQL syntax; check the manual that corresponds to your MySQL server version for the right syntax to use near '%'asus'%' at line 5
[Thu Oct 21 19:21:24 2021] MyLog Exception: SQLSTATE[42S22]: Column not found: 1054 Unknown column '%'asus'%' in 'where clause'
[Thu Oct 21 19:23:45 2021] MyLog Exception: SQLSTATE[42000]: Syntax error or access violation: 1064 You have an error in your SQL syntax; check the manual that corresponds to your MySQL server version for the right syntax to use near '%acer%' at line 5
[Thu Oct 21 19:23:59 2021] MyLog Exception: SQLSTATE[42000]: Syntax error or access violation: 1064 You have an error in your SQL syntax; check the manual that corresponds to your MySQL server version for the right syntax to use near 'acer'%'' at line 5
[Thu Oct 21 19:26:20 2021] MyLog Exception: SQLSTATE[42000]: Syntax error or access violation: 1064 You have an error in your SQL syntax; check the manual that corresponds to your MySQL server version for the right syntax to use near ''%acer%''' at line 5
[Thu Oct 21 19:26:29 2021] MyLog Exception: SQLSTATE[42000]: Syntax error or access violation: 1064 You have an error in your SQL syntax; check the manual that corresponds to your MySQL server version for the right syntax to use near ''\'%acer%\'''' at line 5
[Mon Oct 25 22:28:16 2021] MyLog Exception: Bad Route Exception
[Mon Oct 25 22:52:04 2021] MyLog Exception: Bad Route Exception
[Tue Oct 26 09:51:40 2021] MyLog Exception: Not found controller
[Tue Oct 26 10:10:13 2021] MyLog Exception: Not found controller
[Tue Oct 26 10:10:38 2021] MyLog Exception: Not found controller
[Tue Oct 26 10:10:56 2021] MyLog Exception: Not found controller
[Tue Oct 26 10:11:10 2021] MyLog Exception: Not found controller
[Tue Oct 26 10:11:24 2021] MyLog Exception: Not found controller
[Tue Oct 26 10:13:35 2021] MyLog Exception: Not found controller
[Tue Oct 26 10:14:10 2021] MyLog Exception: Not found controller
[Tue Oct 26 10:14:36 2021] MyLog Exception: Not found controller
[Tue Oct 26 10:14:48 2021] MyLog Exception: Not found controller
[Tue Oct 26 10:16:06 2021] MyLog Exception: Not found controller
[Tue Oct 26 10:17:03 2021] MyLog Exception: Not found controller
[Tue Oct 26 10:17:19 2021] MyLog Exception: Not found controller
[Tue Oct 26 10:17:24 2021] MyLog Exception: Not found controller
[Tue Oct 26 10:17:50 2021] MyLog Exception: Not found controller
[Tue Oct 26 10:19:11 2021] MyLog Exception: Not found controller
[Tue Oct 26 10:19:12 2021] MyLog Exception: Not found controller
[Tue Oct 26 10:19:38 2021] MyLog Exception: Not found controller
[Tue Oct 26 10:20:51 2021] MyLog Exception: Not found controller
[Tue Oct 26 10:21:15 2021] MyLog Exception: Not found controller
[Tue Oct 26 10:21:57 2021] MyLog Exception: Not found controller
[Tue Oct 26 10:21:59 2021] MyLog Exception: Not found controller
[Tue Oct 26 13:45:44 2021] MyLog Exception: Not found template
[Tue Oct 26 13:46:14 2021] MyLog Exception: Not found template
[Tue Oct 26 13:46:48 2021] MyLog Exception: Not found template
[Tue Oct 26 13:47:09 2021] MyLog Exception: Bad Route Exception
[Tue Oct 26 13:47:15 2021] MyLog Exception: Not found template
[Tue Oct 26 13:47:19 2021] MyLog Exception: Bad Route Exception
[Tue Oct 26 13:47:41 2021] MyLog Exception: Bad Route Exception
[Tue Oct 26 13:47:49 2021] MyLog Exception: Bad Route Exception
[Tue Oct 26 14:49:06 2021] MyLog Exception: Bad Route Exception
[Tue Oct 26 14:49:06 2021] MyLog Exception: Bad Route Exception
[Tue Oct 26 14:49:07 2021] MyLog Exception: Bad Route Exception
[Tue Oct 26 14:49:13 2021] MyLog Exception: Bad Route Exception
[Tue Oct 26 14:50:38 2021] MyLog Exception: Bad Route Exception
[Tue Oct 26 14:50:40 2021] MyLog Exception: Bad Route Exception
[Tue Oct 26 14:51:28 2021] MyLog Exception: Bad Route Exception
[Tue Oct 26 14:51:50 2021] MyLog Exception: Bad Route Exception
[Tue Oct 26 14:52:33 2021] MyLog Exception: Not found template
[Tue Oct 26 14:53:05 2021] MyLog Exception: Bad Route Exception
[Tue Oct 26 15:14:46 2021] MyLog Exception: could not find driver
[Tue Oct 26 15:17:54 2021] MyLog Exception: could not find driver
[Tue Oct 26 15:17:59 2021] MyLog Exception: could not find driver
[Tue Oct 26 15:19:06 2021] MyLog Exception: could not find driver
[Tue Oct 26 15:19:19 2021] MyLog Exception: could not find driver
[Tue Oct 26 15:28:46 2021] MyLog Exception: could not find driver
[Tue Oct 26 15:29:06 2021] MyLog Exception: could not find driver
[Tue Oct 26 15:29:42 2021] MyLog Exception: could not find driver
[Tue Oct 26 15:30:30 2021] MyLog Exception: could not find driver
[Tue Oct 26 15:31:06 2021] MyLog Exception: could not find driver
[Tue Oct 26 15:31:18 2021] MyLog Exception: could not find driver
[Tue Oct 26 15:31:18 2021] MyLog Exception: could not find driver
[Tue Oct 26 18:12:40 2021] MyLog Exception: SQLSTATE[42000]: Syntax error or access violation: 1064 You have an error in your SQL syntax; check the manual that corresponds to your MySQL server version for the right syntax to use near 'product.new = 1' at line 1
[Sun Oct 31 22:20:19 2021] MyLog Exception: could not find driver
[Sun Oct 31 22:20:38 2021] MyLog Exception: could not find driver
[Sun Oct 31 22:20:40 2021] MyLog Exception: could not find driver
[Sun Oct 31 22:26:18 2021] MyLog Exception: could not find driver
[Sun Oct 31 22:41:41 2021] MyLog Exception: SQLSTATE[42S22]: Column not found: 1054 Unknown column 'product.new' in 'where clause'
[Sun Oct 31 22:44:22 2021] MyLog Exception: SQLSTATE[42S22]: Column not found: 1054 Unknown column 'product.new' in 'where clause'
[Sun Oct 31 22:44:24 2021] MyLog Exception: SQLSTATE[42S22]: Column not found: 1054 Unknown column 'product.new' in 'where clause'
[Mon Nov 01 23:10:28 2021] MyLog Exception: SQLSTATE[42000]: Syntax error or access violation: 1064 You have an error in your SQL syntax; check the manual that corresponds to your MySQL server version for the right syntax to use near '@test.loc, $2y$10$Li0shDpIcRTOaFHhOo1WwesvMviFZe09XzBTp8MEN6JfvXixrF4B.)' at line 1
[Mon Nov 01 23:12:51 2021] MyLog Exception: SQLSTATE[42000]: Syntax error or access violation: 1064 You have an error in your SQL syntax; check the manual that corresponds to your MySQL server version for the right syntax to use near '@test.loc, $2y$10$Hw.fbBSFe5YnWbt8BH29KOAUIZadhonDJ8R5siTzUZ5/rxN5uXABy)' at line 1
[Mon Nov 01 23:13:21 2021] MyLog Exception: SQLSTATE[42000]: Syntax error or access violation: 1064 You have an error in your SQL syntax; check the manual that corresponds to your MySQL server version for the right syntax to use near '@test.loc, $2y$10$boJwsq8YAHt9W.BRNuwJ.eU7D7JMTZyqtS9vnOFOXwvLFjHnw2dAa)' at line 1
[Mon Nov 01 23:16:18 2021] MyLog Exception: SQLSTATE[HY000]: General error: 1364 Field 'id' doesn't have a default value
[Mon Nov 01 23:30:57 2021] MyLog Exception: SQLSTATE[42000]: Syntax error or access violation: 1064 You have an error in your SQL syntax; check the manual that corresponds to your MySQL server version for the right syntax to use near '), 'test1', 'test1@test.loc', '$2y$10$G4pPld55uzziAcxqSE7.WeRN4t569NFppMgFJ5n0DX' at line 1
[Mon Nov 01 23:31:53 2021] MyLog Exception: SQLSTATE[23000]: Integrity constraint violation: 1062 Duplicate entry '2' for key 'user.PRIMARY'
[Mon Nov 01 23:34:13 2021] MyLog Exception: SQLSTATE[23000]: Integrity constraint violation: 1062 Duplicate entry '4' for key 'user.PRIMARY'
[Tue Nov 02 10:33:37 2021] MyLog Exception: Not found controller
[Thu Nov 04 13:29:58 2021] MyLog Exception: Not found controller
[Thu Nov 04 13:30:03 2021] MyLog Exception: Not found controller
[Thu Nov 04 13:30:10 2021] MyLog Exception: Not found controller
[Thu Nov 04 13:30:36 2021] MyLog Exception: Not found controller
[Sat Nov 06 19:55:32 2021] MyLog Exception: Not found action
[Sat Nov 06 22:54:18 2021] MyLog Exception: Bad Route Exception
[Sat Nov 06 22:54:48 2021] MyLog Exception: Bad Route Exception
[Sat Nov 06 23:40:33 2021] MyLog Exception: Bad Route Exception
[Sun Nov 07 21:28:21 2021] MyLog Exception: Bad Route Exception
[Sun Nov 07 21:54:59 2021] MyLog Exception: Bad Route Exception
[Sun Nov 07 21:55:17 2021] MyLog Exception: Bad Route Exception
[Sun Nov 07 21:56:54 2021] MyLog Exception: Bad Route Exception
[Sun Nov 07 21:57:43 2021] MyLog Exception: Bad Route Exception
[Sun Nov 07 21:58:09 2021] MyLog Exception: Bad Route Exception
[Sun Nov 07 21:58:24 2021] MyLog Exception: Bad Route Exception
[Sun Nov 07 21:58:32 2021] MyLog Exception: Bad Route Exception
[Sun Nov 07 21:58:55 2021] MyLog Exception: Bad Route Exception
[Sun Nov 07 22:03:18 2021] MyLog Exception: Bad Route Exception
[Sun Nov 07 22:03:23 2021] MyLog Exception: Bad Route Exception
[Sun Nov 07 22:04:06 2021] MyLog Exception: Bad Route Exception
[Sun Nov 07 22:06:06 2021] MyLog Exception: Bad Route Exception
[Sun Nov 07 22:06:15 2021] MyLog Exception: Bad Route Exception
[Sun Nov 07 22:07:39 2021] MyLog Exception: Bad Route Exception
[Sun Nov 07 22:13:22 2021] MyLog Exception: Bad Route Exception
[Sun Nov 07 22:13:26 2021] MyLog Exception: Bad Route Exception
[Sun Nov 07 22:13:55 2021] MyLog Exception: Bad Route Exception
[Sun Nov 07 22:14:26 2021] MyLog Exception: Bad Route Exception
[Sun Nov 07 22:14:48 2021] MyLog Exception: Bad Route Exception
[Sun Nov 07 22:15:46 2021] MyLog Exception: Bad Route Exception
[Sun Nov 07 22:17:51 2021] MyLog Exception: Bad Route Exception
[Sun Nov 07 22:19:37 2021] MyLog Exception: Bad Route Exception
[Sun Nov 07 22:19:46 2021] MyLog Exception: Bad Route Exception
[Sun Nov 07 22:20:35 2021] MyLog Exception: Bad Route Exception
[Sun Nov 07 22:21:36 2021] MyLog Exception: Bad Route Exception
[Sun Nov 07 22:22:18 2021] MyLog Exception: Bad Route Exception
[Sun Nov 07 22:22:38 2021] MyLog Exception: Bad Route Exception
[Sun Nov 07 22:24:36 2021] MyLog Exception: Bad Route Exception
[Sun Nov 07 22:26:20 2021] MyLog Exception: Bad Route Exception
[Sun Nov 07 22:27:46 2021] MyLog Exception: Bad Route Exception
[Sun Nov 07 22:28:40 2021] MyLog Exception: Bad Route Exception
[Sun Nov 07 22:29:22 2021] MyLog Exception: Bad Route Exception
[Sun Nov 07 22:31:29 2021] MyLog Exception: Bad Route Exception
[Sun Nov 07 22:33:05 2021] MyLog Exception: Bad Route Exception
[Sun Nov 07 22:33:41 2021] MyLog Exception: Bad Route Exception
[Sun Nov 07 22:35:49 2021] MyLog Exception: Bad Route Exception
[Sun Nov 07 22:37:12 2021] MyLog Exception: Bad Route Exception
[Sun Nov 07 22:37:44 2021] MyLog Exception: Bad Route Exception
[Sun Nov 07 22:37:55 2021] MyLog Exception: Bad Route Exception
[Sun Nov 07 22:38:20 2021] MyLog Exception: Bad Route Exception
[Sun Nov 07 22:38:35 2021] MyLog Exception: Bad Route Exception
[Sun Nov 07 22:38:52 2021] MyLog Exception: Bad Route Exception
[Sun Nov 07 22:41:02 2021] MyLog Exception: Bad Route Exception
[Sun Nov 07 22:42:14 2021] MyLog Exception: Bad Route Exception
[Sun Nov 07 22:42:27 2021] MyLog Exception: Bad Route Exception
[Sun Nov 07 22:42:58 2021] MyLog Exception: Bad Route Exception
[Sun Nov 07 22:43:12 2021] MyLog Exception: Bad Route Exception
[Sun Nov 07 22:43:36 2021] MyLog Exception: Bad Route Exception
[Sun Nov 07 22:44:16 2021] MyLog Exception: Bad Route Exception
[Sun Nov 07 22:45:01 2021] MyLog Exception: Bad Route Exception
[Sun Nov 07 22:45:42 2021] MyLog Exception: Bad Route Exception
[Sun Nov 07 22:46:06 2021] MyLog Exception: Bad Route Exception
[Sun Nov 07 22:46:40 2021] MyLog Exception: Bad Route Exception
[Sun Nov 07 22:48:36 2021] MyLog Exception: Bad Route Exception
[Sun Nov 07 22:48:52 2021] MyLog Exception: Bad Route Exception
[Sun Nov 07 22:50:00 2021] MyLog Exception: Bad Route Exception
[Sun Nov 07 22:50:11 2021] MyLog Exception: Bad Route Exception
[Sun Nov 07 22:50:27 2021] MyLog Exception: Bad Route Exception
[Sun Nov 07 22:51:59 2021] MyLog Exception: Bad Route Exception
[Sun Nov 07 22:52:16 2021] MyLog Exception: Bad Route Exception
[Sun Nov 07 22:52:29 2021] MyLog Exception: Bad Route Exception
[Sun Nov 07 22:52:39 2021] MyLog Exception: Bad Route Exception
[Sun Nov 07 22:53:01 2021] MyLog Exception: Bad Route Exception
[Sun Nov 07 22:54:11 2021] MyLog Exception: Bad Route Exception
[Sun Nov 07 22:54:50 2021] MyLog Exception: Bad Route Exception
[Sun Nov 07 22:55:10 2021] MyLog Exception: Bad Route Exception
[Sun Nov 07 22:55:29 2021] MyLog Exception: Bad Route Exception
[Sun Nov 07 23:03:16 2021] MyLog Exception: Bad Route Exception
[Sun Nov 07 23:29:11 2021] MyLog Exception: Bad Route Exception
[Sun Nov 07 23:31:12 2021] MyLog Exception: Bad Route Exception
[Sun Nov 07 23:31:51 2021] MyLog Exception: Bad Route Exception
[Sun Nov 07 23:40:48 2021] MyLog Exception: Bad Route Exception
[Sun Nov 07 23:41:31 2021] MyLog Exception: Bad Route Exception
[Sun Nov 07 23:45:15 2021] MyLog Exception: Bad Route Exception
[Sun Nov 07 23:45:56 2021] MyLog Exception: Bad Route Exception
